CRITICAL - 2025-06-10 15:53:48 --> Error: Call to undefined method CodeIgniter\HTTP\IncomingRequest::esc()
[Method: POST, Route: products/create]
in APPPATH/Controllers/Home.php on line 113.
 1 SYSTEMPATH/CodeIgniter.php(933): App\Controllers\Home->addProduct()
 2 SYSTEMPATH/CodeIgniter.php(507): CodeIgniter\CodeIgniter->runController(Object(App\Controllers\Home))
 3 SYSTEMPATH/CodeIgniter.php(354): CodeIgniter\CodeIgniter->handleRequest(null, Object(Config\Cache), false)
 4 SYSTEMPATH/Boot.php(334): CodeIgniter\CodeIgniter->run()
 5 SYSTEMPATH/Boot.php(67): CodeIgniter\Boot::runCodeIgniter(Object(CodeIgniter\CodeIgniter))
 6 FCPATH/index.php(59): CodeIgniter\Boot::bootWeb(Object(Config\Paths))
CRITICAL - 2025-06-10 16:23:00 --> ErrorException: Undefined variable $request
[Method: DELETE, Route: products/delete/20]
in APPPATH/Controllers/Home.php on line 150.
 1 APPPATH/Controllers/Home.php(150): CodeIgniter\Debug\Exceptions->errorHandler(2, 'Undefined variable $request', '/Applications/MAMP/htdocs/web2_api/app/Controllers/Home.php', 150)
 2 SYSTEMPATH/CodeIgniter.php(933): App\Controllers\Home->deleteProduct('20')
 3 SYSTEMPATH/CodeIgniter.php(507): CodeIgniter\CodeIgniter->runController(Object(App\Controllers\Home))
 4 SYSTEMPATH/CodeIgniter.php(354): CodeIgniter\CodeIgniter->handleRequest(null, Object(Config\Cache), false)
 5 SYSTEMPATH/Boot.php(334): CodeIgniter\CodeIgniter->run()
 6 SYSTEMPATH/Boot.php(67): CodeIgniter\Boot::runCodeIgniter(Object(CodeIgniter\CodeIgniter))
 7 FCPATH/index.php(59): CodeIgniter\Boot::bootWeb(Object(Config\Paths))
ERROR - 2025-06-10 18:04:19 --> mysqli_sql_exception: Column 'nosaukums' cannot be null in /Applications/MAMP/htdocs/web2_api/system/Database/MySQLi/Connection.php:327
Stack trace:
#0 /Applications/MAMP/htdocs/web2_api/system/Database/MySQLi/Connection.php(327): mysqli->query('INSERT INTO `pr...', 0)
#1 /Applications/MAMP/htdocs/web2_api/system/Database/BaseConnection.php(738): CodeIgniter\Database\MySQLi\Connection->execute('INSERT INTO `pr...')
#2 /Applications/MAMP/htdocs/web2_api/system/Database/BaseConnection.php(652): CodeIgniter\Database\BaseConnection->simpleQuery('INSERT INTO `pr...')
#3 /Applications/MAMP/htdocs/web2_api/system/Database/BaseBuilder.php(2345): CodeIgniter\Database\BaseConnection->query('INSERT INTO `pr...', Array, false)
#4 /Applications/MAMP/htdocs/web2_api/app/Controllers/Home.php(116): CodeIgniter\Database\BaseBuilder->insert(Array)
#5 /Applications/MAMP/htdocs/web2_api/system/CodeIgniter.php(933): App\Controllers\Home->addProduct()
#6 /Applications/MAMP/htdocs/web2_api/system/CodeIgniter.php(507): CodeIgniter\CodeIgniter->runController(Object(App\Controllers\Home))
#7 /Applications/MAMP/htdocs/web2_api/system/CodeIgniter.php(354): CodeIgniter\CodeIgniter->handleRequest(NULL, Object(Config\Cache), false)
#8 /Applications/MAMP/htdocs/web2_api/system/Boot.php(334): CodeIgniter\CodeIgniter->run()
#9 /Applications/MAMP/htdocs/web2_api/system/Boot.php(67): CodeIgniter\Boot::runCodeIgniter(Object(CodeIgniter\CodeIgniter))
#10 /Applications/MAMP/htdocs/web2_api/public/index.php(70): CodeIgniter\Boot::bootWeb(Object(Config\Paths))
#11 {main}
CRITICAL - 2025-06-10 18:04:19 --> CodeIgniter\Database\Exceptions\DatabaseException: Column 'nosaukums' cannot be null
[Method: POST, Route: products/create]
in SYSTEMPATH/Database/BaseConnection.php on line 692.
 1 SYSTEMPATH/Database/BaseBuilder.php(2345): CodeIgniter\Database\BaseConnection->query('INSERT INTO `products` (`nosaukums`, `apraksts`, `cena`, `attels`) VALUES (:nosaukums:, :apraksts:, :cena:, :attels:)', [...], false)
 2 APPPATH/Controllers/Home.php(116): CodeIgniter\Database\BaseBuilder->insert([...])
 3 SYSTEMPATH/CodeIgniter.php(933): App\Controllers\Home->addProduct()
 4 SYSTEMPATH/CodeIgniter.php(507): CodeIgniter\CodeIgniter->runController(Object(App\Controllers\Home))
 5 SYSTEMPATH/CodeIgniter.php(354): CodeIgniter\CodeIgniter->handleRequest(null, Object(Config\Cache), false)
 6 SYSTEMPATH/Boot.php(334): CodeIgniter\CodeIgniter->run()
 7 SYSTEMPATH/Boot.php(67): CodeIgniter\Boot::runCodeIgniter(Object(CodeIgniter\CodeIgniter))
 8 FCPATH/index.php(70): CodeIgniter\Boot::bootWeb(Object(Config\Paths))
CRITICAL - 2025-06-10 18:04:19 --> [Caused by] CodeIgniter\Database\Exceptions\DatabaseException: Column 'nosaukums' cannot be null
in SYSTEMPATH/Database/MySQLi/Connection.php on line 332.
 1 SYSTEMPATH/Database/BaseConnection.php(738): CodeIgniter\Database\MySQLi\Connection->execute('INSERT INTO `products` (`nosaukums`, `apraksts`, `cena`, `attels`) VALUES (NULL, NULL, NULL, NULL)')
 2 SYSTEMPATH/Database/BaseConnection.php(652): CodeIgniter\Database\BaseConnection->simpleQuery('INSERT INTO `products` (`nosaukums`, `apraksts`, `cena`, `attels`) VALUES (NULL, NULL, NULL, NULL)')
 3 SYSTEMPATH/Database/BaseBuilder.php(2345): CodeIgniter\Database\BaseConnection->query('INSERT INTO `products` (`nosaukums`, `apraksts`, `cena`, `attels`) VALUES (:nosaukums:, :apraksts:, :cena:, :attels:)', [...], false)
 4 APPPATH/Controllers/Home.php(116): CodeIgniter\Database\BaseBuilder->insert([...])
 5 SYSTEMPATH/CodeIgniter.php(933): App\Controllers\Home->addProduct()
 6 SYSTEMPATH/CodeIgniter.php(507): CodeIgniter\CodeIgniter->runController(Object(App\Controllers\Home))
 7 SYSTEMPATH/CodeIgniter.php(354): CodeIgniter\CodeIgniter->handleRequest(null, Object(Config\Cache), false)
 8 SYSTEMPATH/Boot.php(334): CodeIgniter\CodeIgniter->run()
 9 SYSTEMPATH/Boot.php(67): CodeIgniter\Boot::runCodeIgniter(Object(CodeIgniter\CodeIgniter))
10 FCPATH/index.php(70): CodeIgniter\Boot::bootWeb(Object(Config\Paths))
CRITICAL - 2025-06-10 18:04:19 --> [Caused by] mysqli_sql_exception: Column 'nosaukums' cannot be null
in SYSTEMPATH/Database/MySQLi/Connection.php on line 327.
 1 SYSTEMPATH/Database/MySQLi/Connection.php(327): mysqli->query('INSERT INTO `products` (`nosaukums`, `apraksts`, `cena`, `attels`) VALUES (NULL, NULL, NULL, NULL)', 0)
 2 SYSTEMPATH/Database/BaseConnection.php(738): CodeIgniter\Database\MySQLi\Connection->execute('INSERT INTO `products` (`nosaukums`, `apraksts`, `cena`, `attels`) VALUES (NULL, NULL, NULL, NULL)')
 3 SYSTEMPATH/Database/BaseConnection.php(652): CodeIgniter\Database\BaseConnection->simpleQuery('INSERT INTO `products` (`nosaukums`, `apraksts`, `cena`, `attels`) VALUES (NULL, NULL, NULL, NULL)')
 4 SYSTEMPATH/Database/BaseBuilder.php(2345): CodeIgniter\Database\BaseConnection->query('INSERT INTO `products` (`nosaukums`, `apraksts`, `cena`, `attels`) VALUES (:nosaukums:, :apraksts:, :cena:, :attels:)', [...], false)
 5 APPPATH/Controllers/Home.php(116): CodeIgniter\Database\BaseBuilder->insert([...])
 6 SYSTEMPATH/CodeIgniter.php(933): App\Controllers\Home->addProduct()
 7 SYSTEMPATH/CodeIgniter.php(507): CodeIgniter\CodeIgniter->runController(Object(App\Controllers\Home))
 8 SYSTEMPATH/CodeIgniter.php(354): CodeIgniter\CodeIgniter->handleRequest(null, Object(Config\Cache), false)
 9 SYSTEMPATH/Boot.php(334): CodeIgniter\CodeIgniter->run()
10 SYSTEMPATH/Boot.php(67): CodeIgniter\Boot::runCodeIgniter(Object(CodeIgniter\CodeIgniter))
11 FCPATH/index.php(70): CodeIgniter\Boot::bootWeb(Object(Config\Paths))
ERROR - 2025-06-10 18:04:42 --> mysqli_sql_exception: Column 'nosaukums' cannot be null in /Applications/MAMP/htdocs/web2_api/system/Database/MySQLi/Connection.php:327
Stack trace:
#0 /Applications/MAMP/htdocs/web2_api/system/Database/MySQLi/Connection.php(327): mysqli->query('INSERT INTO `pr...', 0)
#1 /Applications/MAMP/htdocs/web2_api/system/Database/BaseConnection.php(738): CodeIgniter\Database\MySQLi\Connection->execute('INSERT INTO `pr...')
#2 /Applications/MAMP/htdocs/web2_api/system/Database/BaseConnection.php(652): CodeIgniter\Database\BaseConnection->simpleQuery('INSERT INTO `pr...')
#3 /Applications/MAMP/htdocs/web2_api/system/Database/BaseBuilder.php(2345): CodeIgniter\Database\BaseConnection->query('INSERT INTO `pr...', Array, false)
#4 /Applications/MAMP/htdocs/web2_api/app/Controllers/Home.php(116): CodeIgniter\Database\BaseBuilder->insert(Array)
#5 /Applications/MAMP/htdocs/web2_api/system/CodeIgniter.php(933): App\Controllers\Home->addProduct()
#6 /Applications/MAMP/htdocs/web2_api/system/CodeIgniter.php(507): CodeIgniter\CodeIgniter->runController(Object(App\Controllers\Home))
#7 /Applications/MAMP/htdocs/web2_api/system/CodeIgniter.php(354): CodeIgniter\CodeIgniter->handleRequest(NULL, Object(Config\Cache), false)
#8 /Applications/MAMP/htdocs/web2_api/system/Boot.php(334): CodeIgniter\CodeIgniter->run()
#9 /Applications/MAMP/htdocs/web2_api/system/Boot.php(67): CodeIgniter\Boot::runCodeIgniter(Object(CodeIgniter\CodeIgniter))
#10 /Applications/MAMP/htdocs/web2_api/public/index.php(70): CodeIgniter\Boot::bootWeb(Object(Config\Paths))
#11 {main}
CRITICAL - 2025-06-10 18:04:42 --> CodeIgniter\Database\Exceptions\DatabaseException: Column 'nosaukums' cannot be null
[Method: POST, Route: products/create]
in SYSTEMPATH/Database/BaseConnection.php on line 692.
 1 SYSTEMPATH/Database/BaseBuilder.php(2345): CodeIgniter\Database\BaseConnection->query('INSERT INTO `products` (`nosaukums`, `apraksts`, `cena`, `attels`) VALUES (:nosaukums:, :apraksts:, :cena:, :attels:)', [...], false)
 2 APPPATH/Controllers/Home.php(116): CodeIgniter\Database\BaseBuilder->insert([...])
 3 SYSTEMPATH/CodeIgniter.php(933): App\Controllers\Home->addProduct()
 4 SYSTEMPATH/CodeIgniter.php(507): CodeIgniter\CodeIgniter->runController(Object(App\Controllers\Home))
 5 SYSTEMPATH/CodeIgniter.php(354): CodeIgniter\CodeIgniter->handleRequest(null, Object(Config\Cache), false)
 6 SYSTEMPATH/Boot.php(334): CodeIgniter\CodeIgniter->run()
 7 SYSTEMPATH/Boot.php(67): CodeIgniter\Boot::runCodeIgniter(Object(CodeIgniter\CodeIgniter))
 8 FCPATH/index.php(70): CodeIgniter\Boot::bootWeb(Object(Config\Paths))
CRITICAL - 2025-06-10 18:04:42 --> [Caused by] CodeIgniter\Database\Exceptions\DatabaseException: Column 'nosaukums' cannot be null
in SYSTEMPATH/Database/MySQLi/Connection.php on line 332.
 1 SYSTEMPATH/Database/BaseConnection.php(738): CodeIgniter\Database\MySQLi\Connection->execute('INSERT INTO `products` (`nosaukums`, `apraksts`, `cena`, `attels`) VALUES (NULL, NULL, NULL, NULL)')
 2 SYSTEMPATH/Database/BaseConnection.php(652): CodeIgniter\Database\BaseConnection->simpleQuery('INSERT INTO `products` (`nosaukums`, `apraksts`, `cena`, `attels`) VALUES (NULL, NULL, NULL, NULL)')
 3 SYSTEMPATH/Database/BaseBuilder.php(2345): CodeIgniter\Database\BaseConnection->query('INSERT INTO `products` (`nosaukums`, `apraksts`, `cena`, `attels`) VALUES (:nosaukums:, :apraksts:, :cena:, :attels:)', [...], false)
 4 APPPATH/Controllers/Home.php(116): CodeIgniter\Database\BaseBuilder->insert([...])
 5 SYSTEMPATH/CodeIgniter.php(933): App\Controllers\Home->addProduct()
 6 SYSTEMPATH/CodeIgniter.php(507): CodeIgniter\CodeIgniter->runController(Object(App\Controllers\Home))
 7 SYSTEMPATH/CodeIgniter.php(354): CodeIgniter\CodeIgniter->handleRequest(null, Object(Config\Cache), false)
 8 SYSTEMPATH/Boot.php(334): CodeIgniter\CodeIgniter->run()
 9 SYSTEMPATH/Boot.php(67): CodeIgniter\Boot::runCodeIgniter(Object(CodeIgniter\CodeIgniter))
10 FCPATH/index.php(70): CodeIgniter\Boot::bootWeb(Object(Config\Paths))
CRITICAL - 2025-06-10 18:04:42 --> [Caused by] mysqli_sql_exception: Column 'nosaukums' cannot be null
in SYSTEMPATH/Database/MySQLi/Connection.php on line 327.
 1 SYSTEMPATH/Database/MySQLi/Connection.php(327): mysqli->query('INSERT INTO `products` (`nosaukums`, `apraksts`, `cena`, `attels`) VALUES (NULL, NULL, NULL, NULL)', 0)
 2 SYSTEMPATH/Database/BaseConnection.php(738): CodeIgniter\Database\MySQLi\Connection->execute('INSERT INTO `products` (`nosaukums`, `apraksts`, `cena`, `attels`) VALUES (NULL, NULL, NULL, NULL)')
 3 SYSTEMPATH/Database/BaseConnection.php(652): CodeIgniter\Database\BaseConnection->simpleQuery('INSERT INTO `products` (`nosaukums`, `apraksts`, `cena`, `attels`) VALUES (NULL, NULL, NULL, NULL)')
 4 SYSTEMPATH/Database/BaseBuilder.php(2345): CodeIgniter\Database\BaseConnection->query('INSERT INTO `products` (`nosaukums`, `apraksts`, `cena`, `attels`) VALUES (:nosaukums:, :apraksts:, :cena:, :attels:)', [...], false)
 5 APPPATH/Controllers/Home.php(116): CodeIgniter\Database\BaseBuilder->insert([...])
 6 SYSTEMPATH/CodeIgniter.php(933): App\Controllers\Home->addProduct()
 7 SYSTEMPATH/CodeIgniter.php(507): CodeIgniter\CodeIgniter->runController(Object(App\Controllers\Home))
 8 SYSTEMPATH/CodeIgniter.php(354): CodeIgniter\CodeIgniter->handleRequest(null, Object(Config\Cache), false)
 9 SYSTEMPATH/Boot.php(334): CodeIgniter\CodeIgniter->run()
10 SYSTEMPATH/Boot.php(67): CodeIgniter\Boot::runCodeIgniter(Object(CodeIgniter\CodeIgniter))
11 FCPATH/index.php(70): CodeIgniter\Boot::bootWeb(Object(Config\Paths))
ERROR - 2025-06-10 18:07:17 --> mysqli_sql_exception: Column 'nosaukums' cannot be null in /Applications/MAMP/htdocs/web2_api/system/Database/MySQLi/Connection.php:327
Stack trace:
#0 /Applications/MAMP/htdocs/web2_api/system/Database/MySQLi/Connection.php(327): mysqli->query('INSERT INTO `pr...', 0)
#1 /Applications/MAMP/htdocs/web2_api/system/Database/BaseConnection.php(738): CodeIgniter\Database\MySQLi\Connection->execute('INSERT INTO `pr...')
#2 /Applications/MAMP/htdocs/web2_api/system/Database/BaseConnection.php(652): CodeIgniter\Database\BaseConnection->simpleQuery('INSERT INTO `pr...')
#3 /Applications/MAMP/htdocs/web2_api/system/Database/BaseBuilder.php(2345): CodeIgniter\Database\BaseConnection->query('INSERT INTO `pr...', Array, false)
#4 /Applications/MAMP/htdocs/web2_api/app/Controllers/Home.php(116): CodeIgniter\Database\BaseBuilder->insert(Array)
#5 /Applications/MAMP/htdocs/web2_api/system/CodeIgniter.php(933): App\Controllers\Home->addProduct()
#6 /Applications/MAMP/htdocs/web2_api/system/CodeIgniter.php(507): CodeIgniter\CodeIgniter->runController(Object(App\Controllers\Home))
#7 /Applications/MAMP/htdocs/web2_api/system/CodeIgniter.php(354): CodeIgniter\CodeIgniter->handleRequest(NULL, Object(Config\Cache), false)
#8 /Applications/MAMP/htdocs/web2_api/system/Boot.php(334): CodeIgniter\CodeIgniter->run()
#9 /Applications/MAMP/htdocs/web2_api/system/Boot.php(67): CodeIgniter\Boot::runCodeIgniter(Object(CodeIgniter\CodeIgniter))
#10 /Applications/MAMP/htdocs/web2_api/public/index.php(70): CodeIgniter\Boot::bootWeb(Object(Config\Paths))
#11 {main}
CRITICAL - 2025-06-10 18:07:17 --> CodeIgniter\Database\Exceptions\DatabaseException: Column 'nosaukums' cannot be null
[Method: POST, Route: products/create]
in SYSTEMPATH/Database/BaseConnection.php on line 692.
 1 SYSTEMPATH/Database/BaseBuilder.php(2345): CodeIgniter\Database\BaseConnection->query('INSERT INTO `products` (`nosaukums`, `apraksts`, `cena`, `attels`) VALUES (:nosaukums:, :apraksts:, :cena:, :attels:)', [...], false)
 2 APPPATH/Controllers/Home.php(116): CodeIgniter\Database\BaseBuilder->insert([...])
 3 SYSTEMPATH/CodeIgniter.php(933): App\Controllers\Home->addProduct()
 4 SYSTEMPATH/CodeIgniter.php(507): CodeIgniter\CodeIgniter->runController(Object(App\Controllers\Home))
 5 SYSTEMPATH/CodeIgniter.php(354): CodeIgniter\CodeIgniter->handleRequest(null, Object(Config\Cache), false)
 6 SYSTEMPATH/Boot.php(334): CodeIgniter\CodeIgniter->run()
 7 SYSTEMPATH/Boot.php(67): CodeIgniter\Boot::runCodeIgniter(Object(CodeIgniter\CodeIgniter))
 8 FCPATH/index.php(70): CodeIgniter\Boot::bootWeb(Object(Config\Paths))
CRITICAL - 2025-06-10 18:07:17 --> [Caused by] CodeIgniter\Database\Exceptions\DatabaseException: Column 'nosaukums' cannot be null
in SYSTEMPATH/Database/MySQLi/Connection.php on line 332.
 1 SYSTEMPATH/Database/BaseConnection.php(738): CodeIgniter\Database\MySQLi\Connection->execute('INSERT INTO `products` (`nosaukums`, `apraksts`, `cena`, `attels`) VALUES (NULL, NULL, NULL, NULL)')
 2 SYSTEMPATH/Database/BaseConnection.php(652): CodeIgniter\Database\BaseConnection->simpleQuery('INSERT INTO `products` (`nosaukums`, `apraksts`, `cena`, `attels`) VALUES (NULL, NULL, NULL, NULL)')
 3 SYSTEMPATH/Database/BaseBuilder.php(2345): CodeIgniter\Database\BaseConnection->query('INSERT INTO `products` (`nosaukums`, `apraksts`, `cena`, `attels`) VALUES (:nosaukums:, :apraksts:, :cena:, :attels:)', [...], false)
 4 APPPATH/Controllers/Home.php(116): CodeIgniter\Database\BaseBuilder->insert([...])
 5 SYSTEMPATH/CodeIgniter.php(933): App\Controllers\Home->addProduct()
 6 SYSTEMPATH/CodeIgniter.php(507): CodeIgniter\CodeIgniter->runController(Object(App\Controllers\Home))
 7 SYSTEMPATH/CodeIgniter.php(354): CodeIgniter\CodeIgniter->handleRequest(null, Object(Config\Cache), false)
 8 SYSTEMPATH/Boot.php(334): CodeIgniter\CodeIgniter->run()
 9 SYSTEMPATH/Boot.php(67): CodeIgniter\Boot::runCodeIgniter(Object(CodeIgniter\CodeIgniter))
10 FCPATH/index.php(70): CodeIgniter\Boot::bootWeb(Object(Config\Paths))
CRITICAL - 2025-06-10 18:07:17 --> [Caused by] mysqli_sql_exception: Column 'nosaukums' cannot be null
in SYSTEMPATH/Database/MySQLi/Connection.php on line 327.
 1 SYSTEMPATH/Database/MySQLi/Connection.php(327): mysqli->query('INSERT INTO `products` (`nosaukums`, `apraksts`, `cena`, `attels`) VALUES (NULL, NULL, NULL, NULL)', 0)
 2 SYSTEMPATH/Database/BaseConnection.php(738): CodeIgniter\Database\MySQLi\Connection->execute('INSERT INTO `products` (`nosaukums`, `apraksts`, `cena`, `attels`) VALUES (NULL, NULL, NULL, NULL)')
 3 SYSTEMPATH/Database/BaseConnection.php(652): CodeIgniter\Database\BaseConnection->simpleQuery('INSERT INTO `products` (`nosaukums`, `apraksts`, `cena`, `attels`) VALUES (NULL, NULL, NULL, NULL)')
 4 SYSTEMPATH/Database/BaseBuilder.php(2345): CodeIgniter\Database\BaseConnection->query('INSERT INTO `products` (`nosaukums`, `apraksts`, `cena`, `attels`) VALUES (:nosaukums:, :apraksts:, :cena:, :attels:)', [...], false)
 5 APPPATH/Controllers/Home.php(116): CodeIgniter\Database\BaseBuilder->insert([...])
 6 SYSTEMPATH/CodeIgniter.php(933): App\Controllers\Home->addProduct()
 7 SYSTEMPATH/CodeIgniter.php(507): CodeIgniter\CodeIgniter->runController(Object(App\Controllers\Home))
 8 SYSTEMPATH/CodeIgniter.php(354): CodeIgniter\CodeIgniter->handleRequest(null, Object(Config\Cache), false)
 9 SYSTEMPATH/Boot.php(334): CodeIgniter\CodeIgniter->run()
10 SYSTEMPATH/Boot.php(67): CodeIgniter\Boot::runCodeIgniter(Object(CodeIgniter\CodeIgniter))
11 FCPATH/index.php(70): CodeIgniter\Boot::bootWeb(Object(Config\Paths))
ERROR - 2025-06-10 18:07:31 --> mysqli_sql_exception: Column 'nosaukums' cannot be null in /Applications/MAMP/htdocs/web2_api/system/Database/MySQLi/Connection.php:327
Stack trace:
#0 /Applications/MAMP/htdocs/web2_api/system/Database/MySQLi/Connection.php(327): mysqli->query('INSERT INTO `pr...', 0)
#1 /Applications/MAMP/htdocs/web2_api/system/Database/BaseConnection.php(738): CodeIgniter\Database\MySQLi\Connection->execute('INSERT INTO `pr...')
#2 /Applications/MAMP/htdocs/web2_api/system/Database/BaseConnection.php(652): CodeIgniter\Database\BaseConnection->simpleQuery('INSERT INTO `pr...')
#3 /Applications/MAMP/htdocs/web2_api/system/Database/BaseBuilder.php(2345): CodeIgniter\Database\BaseConnection->query('INSERT INTO `pr...', Array, false)
#4 /Applications/MAMP/htdocs/web2_api/app/Controllers/Home.php(116): CodeIgniter\Database\BaseBuilder->insert(Array)
#5 /Applications/MAMP/htdocs/web2_api/system/CodeIgniter.php(933): App\Controllers\Home->addProduct()
#6 /Applications/MAMP/htdocs/web2_api/system/CodeIgniter.php(507): CodeIgniter\CodeIgniter->runController(Object(App\Controllers\Home))
#7 /Applications/MAMP/htdocs/web2_api/system/CodeIgniter.php(354): CodeIgniter\CodeIgniter->handleRequest(NULL, Object(Config\Cache), false)
#8 /Applications/MAMP/htdocs/web2_api/system/Boot.php(334): CodeIgniter\CodeIgniter->run()
#9 /Applications/MAMP/htdocs/web2_api/system/Boot.php(67): CodeIgniter\Boot::runCodeIgniter(Object(CodeIgniter\CodeIgniter))
#10 /Applications/MAMP/htdocs/web2_api/public/index.php(70): CodeIgniter\Boot::bootWeb(Object(Config\Paths))
#11 {main}
CRITICAL - 2025-06-10 18:07:31 --> CodeIgniter\Database\Exceptions\DatabaseException: Column 'nosaukums' cannot be null
[Method: POST, Route: products/create]
in SYSTEMPATH/Database/BaseConnection.php on line 692.
 1 SYSTEMPATH/Database/BaseBuilder.php(2345): CodeIgniter\Database\BaseConnection->query('INSERT INTO `products` (`nosaukums`, `apraksts`, `cena`, `attels`) VALUES (:nosaukums:, :apraksts:, :cena:, :attels:)', [...], false)
 2 APPPATH/Controllers/Home.php(116): CodeIgniter\Database\BaseBuilder->insert([...])
 3 SYSTEMPATH/CodeIgniter.php(933): App\Controllers\Home->addProduct()
 4 SYSTEMPATH/CodeIgniter.php(507): CodeIgniter\CodeIgniter->runController(Object(App\Controllers\Home))
 5 SYSTEMPATH/CodeIgniter.php(354): CodeIgniter\CodeIgniter->handleRequest(null, Object(Config\Cache), false)
 6 SYSTEMPATH/Boot.php(334): CodeIgniter\CodeIgniter->run()
 7 SYSTEMPATH/Boot.php(67): CodeIgniter\Boot::runCodeIgniter(Object(CodeIgniter\CodeIgniter))
 8 FCPATH/index.php(70): CodeIgniter\Boot::bootWeb(Object(Config\Paths))
CRITICAL - 2025-06-10 18:07:31 --> [Caused by] CodeIgniter\Database\Exceptions\DatabaseException: Column 'nosaukums' cannot be null
in SYSTEMPATH/Database/MySQLi/Connection.php on line 332.
 1 SYSTEMPATH/Database/BaseConnection.php(738): CodeIgniter\Database\MySQLi\Connection->execute('INSERT INTO `products` (`nosaukums`, `apraksts`, `cena`, `attels`) VALUES (NULL, NULL, NULL, NULL)')
 2 SYSTEMPATH/Database/BaseConnection.php(652): CodeIgniter\Database\BaseConnection->simpleQuery('INSERT INTO `products` (`nosaukums`, `apraksts`, `cena`, `attels`) VALUES (NULL, NULL, NULL, NULL)')
 3 SYSTEMPATH/Database/BaseBuilder.php(2345): CodeIgniter\Database\BaseConnection->query('INSERT INTO `products` (`nosaukums`, `apraksts`, `cena`, `attels`) VALUES (:nosaukums:, :apraksts:, :cena:, :attels:)', [...], false)
 4 APPPATH/Controllers/Home.php(116): CodeIgniter\Database\BaseBuilder->insert([...])
 5 SYSTEMPATH/CodeIgniter.php(933): App\Controllers\Home->addProduct()
 6 SYSTEMPATH/CodeIgniter.php(507): CodeIgniter\CodeIgniter->runController(Object(App\Controllers\Home))
 7 SYSTEMPATH/CodeIgniter.php(354): CodeIgniter\CodeIgniter->handleRequest(null, Object(Config\Cache), false)
 8 SYSTEMPATH/Boot.php(334): CodeIgniter\CodeIgniter->run()
 9 SYSTEMPATH/Boot.php(67): CodeIgniter\Boot::runCodeIgniter(Object(CodeIgniter\CodeIgniter))
10 FCPATH/index.php(70): CodeIgniter\Boot::bootWeb(Object(Config\Paths))
CRITICAL - 2025-06-10 18:07:31 --> [Caused by] mysqli_sql_exception: Column 'nosaukums' cannot be null
in SYSTEMPATH/Database/MySQLi/Connection.php on line 327.
 1 SYSTEMPATH/Database/MySQLi/Connection.php(327): mysqli->query('INSERT INTO `products` (`nosaukums`, `apraksts`, `cena`, `attels`) VALUES (NULL, NULL, NULL, NULL)', 0)
 2 SYSTEMPATH/Database/BaseConnection.php(738): CodeIgniter\Database\MySQLi\Connection->execute('INSERT INTO `products` (`nosaukums`, `apraksts`, `cena`, `attels`) VALUES (NULL, NULL, NULL, NULL)')
 3 SYSTEMPATH/Database/BaseConnection.php(652): CodeIgniter\Database\BaseConnection->simpleQuery('INSERT INTO `products` (`nosaukums`, `apraksts`, `cena`, `attels`) VALUES (NULL, NULL, NULL, NULL)')
 4 SYSTEMPATH/Database/BaseBuilder.php(2345): CodeIgniter\Database\BaseConnection->query('INSERT INTO `products` (`nosaukums`, `apraksts`, `cena`, `attels`) VALUES (:nosaukums:, :apraksts:, :cena:, :attels:)', [...], false)
 5 APPPATH/Controllers/Home.php(116): CodeIgniter\Database\BaseBuilder->insert([...])
 6 SYSTEMPATH/CodeIgniter.php(933): App\Controllers\Home->addProduct()
 7 SYSTEMPATH/CodeIgniter.php(507): CodeIgniter\CodeIgniter->runController(Object(App\Controllers\Home))
 8 SYSTEMPATH/CodeIgniter.php(354): CodeIgniter\CodeIgniter->handleRequest(null, Object(Config\Cache), false)
 9 SYSTEMPATH/Boot.php(334): CodeIgniter\CodeIgniter->run()
10 SYSTEMPATH/Boot.php(67): CodeIgniter\Boot::runCodeIgniter(Object(CodeIgniter\CodeIgniter))
11 FCPATH/index.php(70): CodeIgniter\Boot::bootWeb(Object(Config\Paths))
ERROR - 2025-06-10 18:07:36 --> mysqli_sql_exception: Column 'nosaukums' cannot be null in /Applications/MAMP/htdocs/web2_api/system/Database/MySQLi/Connection.php:327
Stack trace:
#0 /Applications/MAMP/htdocs/web2_api/system/Database/MySQLi/Connection.php(327): mysqli->query('INSERT INTO `pr...', 0)
#1 /Applications/MAMP/htdocs/web2_api/system/Database/BaseConnection.php(738): CodeIgniter\Database\MySQLi\Connection->execute('INSERT INTO `pr...')
#2 /Applications/MAMP/htdocs/web2_api/system/Database/BaseConnection.php(652): CodeIgniter\Database\BaseConnection->simpleQuery('INSERT INTO `pr...')
#3 /Applications/MAMP/htdocs/web2_api/system/Database/BaseBuilder.php(2345): CodeIgniter\Database\BaseConnection->query('INSERT INTO `pr...', Array, false)
#4 /Applications/MAMP/htdocs/web2_api/app/Controllers/Home.php(116): CodeIgniter\Database\BaseBuilder->insert(Array)
#5 /Applications/MAMP/htdocs/web2_api/system/CodeIgniter.php(933): App\Controllers\Home->addProduct()
#6 /Applications/MAMP/htdocs/web2_api/system/CodeIgniter.php(507): CodeIgniter\CodeIgniter->runController(Object(App\Controllers\Home))
#7 /Applications/MAMP/htdocs/web2_api/system/CodeIgniter.php(354): CodeIgniter\CodeIgniter->handleRequest(NULL, Object(Config\Cache), false)
#8 /Applications/MAMP/htdocs/web2_api/system/Boot.php(334): CodeIgniter\CodeIgniter->run()
#9 /Applications/MAMP/htdocs/web2_api/system/Boot.php(67): CodeIgniter\Boot::runCodeIgniter(Object(CodeIgniter\CodeIgniter))
#10 /Applications/MAMP/htdocs/web2_api/public/index.php(70): CodeIgniter\Boot::bootWeb(Object(Config\Paths))
#11 {main}
CRITICAL - 2025-06-10 18:07:36 --> CodeIgniter\Database\Exceptions\DatabaseException: Column 'nosaukums' cannot be null
[Method: POST, Route: products/create]
in SYSTEMPATH/Database/BaseConnection.php on line 692.
 1 SYSTEMPATH/Database/BaseBuilder.php(2345): CodeIgniter\Database\BaseConnection->query('INSERT INTO `products` (`nosaukums`, `apraksts`, `cena`, `attels`) VALUES (:nosaukums:, :apraksts:, :cena:, :attels:)', [...], false)
 2 APPPATH/Controllers/Home.php(116): CodeIgniter\Database\BaseBuilder->insert([...])
 3 SYSTEMPATH/CodeIgniter.php(933): App\Controllers\Home->addProduct()
 4 SYSTEMPATH/CodeIgniter.php(507): CodeIgniter\CodeIgniter->runController(Object(App\Controllers\Home))
 5 SYSTEMPATH/CodeIgniter.php(354): CodeIgniter\CodeIgniter->handleRequest(null, Object(Config\Cache), false)
 6 SYSTEMPATH/Boot.php(334): CodeIgniter\CodeIgniter->run()
 7 SYSTEMPATH/Boot.php(67): CodeIgniter\Boot::runCodeIgniter(Object(CodeIgniter\CodeIgniter))
 8 FCPATH/index.php(70): CodeIgniter\Boot::bootWeb(Object(Config\Paths))
CRITICAL - 2025-06-10 18:07:36 --> [Caused by] CodeIgniter\Database\Exceptions\DatabaseException: Column 'nosaukums' cannot be null
in SYSTEMPATH/Database/MySQLi/Connection.php on line 332.
 1 SYSTEMPATH/Database/BaseConnection.php(738): CodeIgniter\Database\MySQLi\Connection->execute('INSERT INTO `products` (`nosaukums`, `apraksts`, `cena`, `attels`) VALUES (NULL, NULL, NULL, NULL)')
 2 SYSTEMPATH/Database/BaseConnection.php(652): CodeIgniter\Database\BaseConnection->simpleQuery('INSERT INTO `products` (`nosaukums`, `apraksts`, `cena`, `attels`) VALUES (NULL, NULL, NULL, NULL)')
 3 SYSTEMPATH/Database/BaseBuilder.php(2345): CodeIgniter\Database\BaseConnection->query('INSERT INTO `products` (`nosaukums`, `apraksts`, `cena`, `attels`) VALUES (:nosaukums:, :apraksts:, :cena:, :attels:)', [...], false)
 4 APPPATH/Controllers/Home.php(116): CodeIgniter\Database\BaseBuilder->insert([...])
 5 SYSTEMPATH/CodeIgniter.php(933): App\Controllers\Home->addProduct()
 6 SYSTEMPATH/CodeIgniter.php(507): CodeIgniter\CodeIgniter->runController(Object(App\Controllers\Home))
 7 SYSTEMPATH/CodeIgniter.php(354): CodeIgniter\CodeIgniter->handleRequest(null, Object(Config\Cache), false)
 8 SYSTEMPATH/Boot.php(334): CodeIgniter\CodeIgniter->run()
 9 SYSTEMPATH/Boot.php(67): CodeIgniter\Boot::runCodeIgniter(Object(CodeIgniter\CodeIgniter))
10 FCPATH/index.php(70): CodeIgniter\Boot::bootWeb(Object(Config\Paths))
CRITICAL - 2025-06-10 18:07:36 --> [Caused by] mysqli_sql_exception: Column 'nosaukums' cannot be null
in SYSTEMPATH/Database/MySQLi/Connection.php on line 327.
 1 SYSTEMPATH/Database/MySQLi/Connection.php(327): mysqli->query('INSERT INTO `products` (`nosaukums`, `apraksts`, `cena`, `attels`) VALUES (NULL, NULL, NULL, NULL)', 0)
 2 SYSTEMPATH/Database/BaseConnection.php(738): CodeIgniter\Database\MySQLi\Connection->execute('INSERT INTO `products` (`nosaukums`, `apraksts`, `cena`, `attels`) VALUES (NULL, NULL, NULL, NULL)')
 3 SYSTEMPATH/Database/BaseConnection.php(652): CodeIgniter\Database\BaseConnection->simpleQuery('INSERT INTO `products` (`nosaukums`, `apraksts`, `cena`, `attels`) VALUES (NULL, NULL, NULL, NULL)')
 4 SYSTEMPATH/Database/BaseBuilder.php(2345): CodeIgniter\Database\BaseConnection->query('INSERT INTO `products` (`nosaukums`, `apraksts`, `cena`, `attels`) VALUES (:nosaukums:, :apraksts:, :cena:, :attels:)', [...], false)
 5 APPPATH/Controllers/Home.php(116): CodeIgniter\Database\BaseBuilder->insert([...])
 6 SYSTEMPATH/CodeIgniter.php(933): App\Controllers\Home->addProduct()
 7 SYSTEMPATH/CodeIgniter.php(507): CodeIgniter\CodeIgniter->runController(Object(App\Controllers\Home))
 8 SYSTEMPATH/CodeIgniter.php(354): CodeIgniter\CodeIgniter->handleRequest(null, Object(Config\Cache), false)
 9 SYSTEMPATH/Boot.php(334): CodeIgniter\CodeIgniter->run()
10 SYSTEMPATH/Boot.php(67): CodeIgniter\Boot::runCodeIgniter(Object(CodeIgniter\CodeIgniter))
11 FCPATH/index.php(70): CodeIgniter\Boot::bootWeb(Object(Config\Paths))
